[32m2024-02-09 00:01:07.742[0;39m [INFO] com.hexaware.lms.controller.AdminRestController [http-nio-8080-exec-4] Request received to view All LoanTypes...
[32m2024-02-09 00:01:07.750[0;39m [INFO] com.hexaware.lms.service.LoanTypeServiceImpl [http-nio-8080-exec-4] Viewing all available Loan Types
[32m2024-02-09 00:01:17.340[0;39m [INFO] com.hexaware.lms.controller.CustomerRestController [http-nio-8080-exec-6] Customer is logged In
[32m2024-02-09 00:01:17.340[0;39m [INFO] com.hexaware.lms.service.LoanTypeServiceImpl [http-nio-8080-exec-6] Viewing all available Loan Types
[32m2024-02-09 00:13:10.125[0;39m [INFO] org.springframework.boot.admin.SpringApplicationAdminMXBeanRegistrar$SpringApplicationAdmin [RMI TCP Connection(22)-127.0.0.1] Application shutdown requested.
[32m2024-02-09 00:13:10.170[0;39m [INFO] org.apache.catalina.core.StandardService [RMI TCP Connection(22)-127.0.0.1] Stopping service [Tomcat]
[32m2024-02-09 00:13:10.173[0;39m [INFO] org.apache.catalina.core.ContainerBase.[Tomcat].[localhost].[/] [RMI TCP Connection(22)-127.0.0.1] Destroying Spring FrameworkServlet 'dispatcherServlet'
[32m2024-02-09 00:13:10.193[0;39m [INFO] org.springframework.orm.jpa.LocalContainerEntityManagerFactoryBean [RMI TCP Connection(22)-127.0.0.1] Closing JPA EntityManagerFactory for persistence unit 'default'
[32m2024-02-09 00:13:10.198[0;39m [INFO] com.zaxxer.hikari.HikariDataSource [RMI TCP Connection(22)-127.0.0.1] HikariPool-1 - Shutdown initiated...
[32m2024-02-09 00:13:10.220[0;39m [INFO] com.zaxxer.hikari.HikariDataSource [RMI TCP Connection(22)-127.0.0.1] HikariPool-1 - Shutdown completed.
[32m2024-02-09 00:13:13.379[0;39m [INFO] com.hexaware.lms.JaFsdLoanMsApplication [main] Starting JaFsdLoanMsApplication using Java 17.0.9 with PID 66300 (D:\J2EE\FSD_Training\JA-FSD-LoanMS\target\classes started by navne in D:\J2EE\FSD_Training\JA-FSD-LoanMS)
[32m2024-02-09 00:13:13.382[0;39m [INFO] com.hexaware.lms.JaFsdLoanMsApplication [main] No active profile set, falling back to 1 default profile: "default"
[32m2024-02-09 00:13:14.209[0;39m [INFO] org.springframework.data.repository.config.RepositoryConfigurationDelegate [main] Bootstrapping Spring Data JPA repositories in DEFAULT mode.
[32m2024-02-09 00:13:14.296[0;39m [INFO] org.springframework.data.repository.config.RepositoryConfigurationDelegate [main] Finished Spring Data repository scanning in 78 ms. Found 5 JPA repository interfaces.
[32m2024-02-09 00:13:14.905[0;39m [INFO] org.springframework.boot.web.embedded.tomcat.TomcatWebServer [main] Tomcat initialized with port(s): 8080 (http)
[32m2024-02-09 00:13:14.917[0;39m [INFO] org.apache.catalina.core.StandardService [main] Starting service [Tomcat]
[32m2024-02-09 00:13:14.917[0;39m [INFO] org.apache.catalina.core.StandardEngine [main] Starting Servlet engine: [Apache Tomcat/10.1.18]
[32m2024-02-09 00:13:15.059[0;39m [INFO] org.apache.catalina.core.ContainerBase.[Tomcat].[localhost].[/] [main] Initializing Spring embedded WebApplicationContext
[32m2024-02-09 00:13:15.060[0;39m [INFO] org.springframework.boot.web.servlet.context.ServletWebServerApplicationContext [main] Root WebApplicationContext: initialization completed in 1628 ms
[32m2024-02-09 00:13:15.232[0;39m [INFO] org.hibernate.jpa.internal.util.LogHelper [main] HHH000204: Processing PersistenceUnitInfo [name: default]
[32m2024-02-09 00:13:15.305[0;39m [INFO] org.hibernate.Version [main] HHH000412: Hibernate ORM core version 6.2.20.Final
[32m2024-02-09 00:13:15.308[0;39m [INFO] org.hibernate.cfg.Environment [main] HHH000406: Using bytecode reflection optimizer
[32m2024-02-09 00:13:15.661[0;39m [INFO] org.springframework.orm.jpa.persistenceunit.SpringPersistenceUnitInfo [main] No LoadTimeWeaver setup: ignoring JPA class transformer
[32m2024-02-09 00:13:15.690[0;39m [INFO] com.zaxxer.hikari.HikariDataSource [main] HikariPool-1 - Starting...
[32m2024-02-09 00:13:16.154[0;39m [INFO] com.zaxxer.hikari.pool.HikariPool [main] HikariPool-1 - Added connection com.mysql.cj.jdbc.ConnectionImpl@1131aead
[32m2024-02-09 00:13:16.158[0;39m [INFO] com.zaxxer.hikari.HikariDataSource [main] HikariPool-1 - Start completed.
[32m2024-02-09 00:13:16.258[0;39m [WARN] org.hibernate.orm.deprecation [main] HHH90000025: MySQL8Dialect does not need to be specified explicitly using 'hibernate.dialect' (remove the property setting and it will be selected by default)
[32m2024-02-09 00:13:16.260[0;39m [WARN] org.hibernate.orm.deprecation [main] HHH90000026: MySQL8Dialect has been deprecated; use org.hibernate.dialect.MySQLDialect instead
[32m2024-02-09 00:13:17.528[0;39m [INFO] org.hibernate.engine.transaction.jta.platform.internal.JtaPlatformInitiator [main] HHH000489: No JTA platform available (set 'hibernate.transaction.jta.platform' to enable JTA platform integration)
[32m2024-02-09 00:13:17.762[0;39m [INFO] org.springframework.orm.jpa.LocalContainerEntityManagerFactoryBean [main] Initialized JPA EntityManagerFactory for persistence unit 'default'
[32m2024-02-09 00:13:18.075[0;39m [INFO] org.springframework.data.jpa.repository.query.QueryEnhancerFactory [main] Hibernate is in classpath; If applicable, HQL parser will be used.
[32m2024-02-09 00:13:18.871[0;39m [WARN] org.springframework.boot.autoconfigure.orm.jpa.JpaBaseConfiguration$JpaWebConfiguration [main] spring.jpa.open-in-view is enabled by default. Therefore, database queries may be performed during view rendering. Explicitly configure spring.jpa.open-in-view to disable this warning
[32m2024-02-09 00:13:19.865[0;39m [INFO] org.springframework.boot.web.embedded.tomcat.TomcatWebServer [main] Tomcat started on port(s): 8080 (http) with context path ''
[32m2024-02-09 00:13:19.885[0;39m [INFO] com.hexaware.lms.JaFsdLoanMsApplication [main] Started JaFsdLoanMsApplication in 7.074 seconds (process running for 8.06)
[32m2024-02-09 00:13:27.669[0;39m [INFO] org.apache.catalina.core.ContainerBase.[Tomcat].[localhost].[/] [http-nio-8080-exec-3] Initializing Spring DispatcherServlet 'dispatcherServlet'
[32m2024-02-09 00:13:27.669[0;39m [INFO] org.springframework.web.servlet.DispatcherServlet [http-nio-8080-exec-3] Initializing Servlet 'dispatcherServlet'
[32m2024-02-09 00:13:27.671[0;39m [INFO] org.springframework.web.servlet.DispatcherServlet [http-nio-8080-exec-3] Completed initialization in 2 ms
[32m2024-02-09 00:13:28.968[0;39m [INFO] org.springdoc.api.AbstractOpenApiResource [http-nio-8080-exec-1] Init duration for springdoc-openapi is: 905 ms
[32m2024-02-09 00:13:58.855[0;39m [INFO] com.hexaware.lms.controller.CustomerRestController [http-nio-8080-exec-5] Request Received to view all loans of Customer: 1001
[32m2024-02-09 00:13:58.867[0;39m [INFO] com.hexaware.lms.service.LoanServiceImpl [http-nio-8080-exec-5] Customer is viewing all their loan applications...
[32m2024-02-09 13:14:56.041[0;39m [INFO] com.hexaware.lms.JaFsdLoanMsApplication [main] Starting JaFsdLoanMsApplication using Java 17.0.9 with PID 89580 (D:\J2EE\FSD_Training\JA-FSD-LoanMS\target\classes started by navne in D:\J2EE\FSD_Training\JA-FSD-LoanMS)
[32m2024-02-09 13:14:56.046[0;39m [INFO] com.hexaware.lms.JaFsdLoanMsApplication [main] No active profile set, falling back to 1 default profile: "default"
[32m2024-02-09 13:14:57.221[0;39m [INFO] org.springframework.data.repository.config.RepositoryConfigurationDelegate [main] Bootstrapping Spring Data JPA repositories in DEFAULT mode.
[32m2024-02-09 13:14:57.337[0;39m [INFO] org.springframework.data.repository.config.RepositoryConfigurationDelegate [main] Finished Spring Data repository scanning in 103 ms. Found 5 JPA repository interfaces.
[32m2024-02-09 13:14:58.213[0;39m [INFO] org.springframework.boot.web.embedded.tomcat.TomcatWebServer [main] Tomcat initialized with port(s): 8080 (http)
[32m2024-02-09 13:14:58.229[0;39m [INFO] org.apache.catalina.core.StandardService [main] Starting service [Tomcat]
[32m2024-02-09 13:14:58.230[0;39m [INFO] org.apache.catalina.core.StandardEngine [main] Starting Servlet engine: [Apache Tomcat/10.1.18]
[32m2024-02-09 13:14:58.406[0;39m [INFO] org.apache.catalina.core.ContainerBase.[Tomcat].[localhost].[/] [main] Initializing Spring embedded WebApplicationContext
[32m2024-02-09 13:14:58.407[0;39m [INFO] org.springframework.boot.web.servlet.context.ServletWebServerApplicationContext [main] Root WebApplicationContext: initialization completed in 2288 ms
[32m2024-02-09 13:14:58.654[0;39m [INFO] org.hibernate.jpa.internal.util.LogHelper [main] HHH000204: Processing PersistenceUnitInfo [name: default]
[32m2024-02-09 13:14:58.770[0;39m [INFO] org.hibernate.Version [main] HHH000412: Hibernate ORM core version 6.2.20.Final
[32m2024-02-09 13:14:58.774[0;39m [INFO] org.hibernate.cfg.Environment [main] HHH000406: Using bytecode reflection optimizer
[32m2024-02-09 13:14:59.194[0;39m [INFO] org.springframework.orm.jpa.persistenceunit.SpringPersistenceUnitInfo [main] No LoadTimeWeaver setup: ignoring JPA class transformer
[32m2024-02-09 13:14:59.246[0;39m [INFO] com.zaxxer.hikari.HikariDataSource [main] HikariPool-1 - Starting...
[32m2024-02-09 13:14:59.688[0;39m [INFO] com.zaxxer.hikari.pool.HikariPool [main] HikariPool-1 - Added connection com.mysql.cj.jdbc.ConnectionImpl@3cad24ae
[32m2024-02-09 13:14:59.691[0;39m [INFO] com.zaxxer.hikari.HikariDataSource [main] HikariPool-1 - Start completed.
[32m2024-02-09 13:14:59.783[0;39m [WARN] org.hibernate.orm.deprecation [main] HHH90000025: MySQL8Dialect does not need to be specified explicitly using 'hibernate.dialect' (remove the property setting and it will be selected by default)
[32m2024-02-09 13:14:59.785[0;39m [WARN] org.hibernate.orm.deprecation [main] HHH90000026: MySQL8Dialect has been deprecated; use org.hibernate.dialect.MySQLDialect instead
[32m2024-02-09 13:15:01.230[0;39m [INFO] org.hibernate.engine.transaction.jta.platform.internal.JtaPlatformInitiator [main] HHH000489: No JTA platform available (set 'hibernate.transaction.jta.platform' to enable JTA platform integration)
[32m2024-02-09 13:15:01.411[0;39m [INFO] org.springframework.orm.jpa.LocalContainerEntityManagerFactoryBean [main] Initialized JPA EntityManagerFactory for persistence unit 'default'
[32m2024-02-09 13:15:01.739[0;39m [INFO] org.springframework.data.jpa.repository.query.QueryEnhancerFactory [main] Hibernate is in classpath; If applicable, HQL parser will be used.
[32m2024-02-09 13:15:02.689[0;39m [WARN] org.springframework.boot.autoconfigure.orm.jpa.JpaBaseConfiguration$JpaWebConfiguration [main] spring.jpa.open-in-view is enabled by default. Therefore, database queries may be performed during view rendering. Explicitly configure spring.jpa.open-in-view to disable this warning
[32m2024-02-09 13:15:03.920[0;39m [INFO] org.springframework.security.web.DefaultSecurityFilterChain [main] Will secure any request with [org.springframework.security.web.session.DisableEncodeUrlFilter@4cde5d66, org.springframework.security.web.context.request.async.WebAsyncManagerIntegrationFilter@6ef3f72c, org.springframework.security.web.context.SecurityContextHolderFilter@728cef8e, org.springframework.security.web.header.HeaderWriterFilter@383b3357, org.springframework.security.web.csrf.CsrfFilter@3e9053b3, org.springframework.security.web.authentication.logout.LogoutFilter@6fcf3192, org.springframework.security.oauth2.client.web.OAuth2AuthorizationRequestRedirectFilter@8a0447e, org.springframework.security.oauth2.client.web.OAuth2LoginAuthenticationFilter@2505480a, org.springframework.security.web.authentication.UsernamePasswordAuthenticationFilter@602854ed, org.springframework.security.web.authentication.ui.DefaultLoginPageGeneratingFilter@173a86ad, org.springframework.security.web.authentication.ui.DefaultLogoutPageGeneratingFilter@4e791e53, org.springframework.security.web.savedrequest.RequestCacheAwareFilter@7105d271, org.springframework.security.web.servletapi.SecurityContextHolderAwareRequestFilter@2daf2351, org.springframework.security.web.authentication.AnonymousAuthenticationFilter@2d4e6bb2, org.springframework.security.web.access.ExceptionTranslationFilter@661ec798, org.springframework.security.web.access.intercept.AuthorizationFilter@17f43f4a]
[32m2024-02-09 13:15:04.330[0;39m [INFO] org.springframework.boot.web.embedded.tomcat.TomcatWebServer [main] Tomcat started on port(s): 8080 (http) with context path ''
[32m2024-02-09 13:15:04.343[0;39m [INFO] com.hexaware.lms.JaFsdLoanMsApplication [main] Started JaFsdLoanMsApplication in 9.252 seconds (process running for 10.258)
[32m2024-02-09 13:15:17.091[0;39m [INFO] org.apache.catalina.core.ContainerBase.[Tomcat].[localhost].[/] [http-nio-8080-exec-2] Initializing Spring DispatcherServlet 'dispatcherServlet'
[32m2024-02-09 13:15:17.091[0;39m [INFO] org.springframework.web.servlet.DispatcherServlet [http-nio-8080-exec-2] Initializing Servlet 'dispatcherServlet'
[32m2024-02-09 13:15:17.095[0;39m [INFO] org.springframework.web.servlet.DispatcherServlet [http-nio-8080-exec-2] Completed initialization in 4 ms
[32m2024-02-09 13:15:56.760[0;39m [INFO] org.springdoc.api.AbstractOpenApiResource [http-nio-8080-exec-2] Init duration for springdoc-openapi is: 664 ms
[32m2024-02-09 13:18:34.449[0;39m [INFO] com.hexaware.lms.controller.AdminRestController [http-nio-8080-exec-5] Request received to view customer with Id: 1001
[32m2024-02-09 13:19:29.985[0;39m [INFO] com.hexaware.lms.controller.AdminRestController [http-nio-8080-exec-7] Request received to view All Loans...
[32m2024-02-09 13:19:29.989[0;39m [INFO] com.hexaware.lms.service.LoanServiceImpl [http-nio-8080-exec-7] Admin is viewing all the latest loan applicaions on the portal...
[32m2024-02-09 13:20:04.007[0;39m [INFO] com.hexaware.lms.controller.AdminRestController [http-nio-8080-exec-9] Request received to view All Customers...
[32m2024-02-09 13:20:04.007[0;39m [INFO] com.hexaware.lms.service.CustomerServiceImpl [http-nio-8080-exec-9] Viewing all Customers
[32m2024-02-09 13:20:28.255[0;39m [INFO] com.hexaware.lms.controller.AdminRestController [http-nio-8080-exec-1] Request received to search laon by the loan No. of customer: 1001
[32m2024-02-09 13:20:28.257[0;39m [INFO] com.hexaware.lms.service.LoanServiceImpl [http-nio-8080-exec-1] Customer is viewing all their loan applications...
[32m2024-02-09 13:20:28.310[0;39m [INFO] com.hexaware.lms.service.LoanServiceImpl [http-nio-8080-exec-1] Loan is present for the customer...
[32m2024-02-09 13:20:45.712[0;39m [INFO] com.hexaware.lms.controller.AdminRestController [http-nio-8080-exec-3] Request received to view Loan by loanId
[32m2024-02-09 13:20:45.720[0;39m [INFO] com.hexaware.lms.service.LoanServiceImpl [http-nio-8080-exec-3] Loan found with id: 2002
[32m2024-02-09 13:21:00.101[0;39m [INFO] com.hexaware.lms.controller.AdminRestController [http-nio-8080-exec-5] Request received to view All LoanTypes...
[32m2024-02-09 13:21:00.101[0;39m [INFO] com.hexaware.lms.service.LoanTypeServiceImpl [http-nio-8080-exec-5] Viewing all available Loan Types
[32m2024-02-09 13:29:24.191[0;39m [INFO] org.springframework.boot.admin.SpringApplicationAdminMXBeanRegistrar$SpringApplicationAdmin [RMI TCP Connection(18)-127.0.0.1] Application shutdown requested.
[32m2024-02-09 13:29:24.214[0;39m [INFO] org.apache.catalina.core.StandardService [RMI TCP Connection(18)-127.0.0.1] Stopping service [Tomcat]
[32m2024-02-09 13:29:24.217[0;39m [INFO] org.apache.catalina.core.ContainerBase.[Tomcat].[localhost].[/] [RMI TCP Connection(18)-127.0.0.1] Destroying Spring FrameworkServlet 'dispatcherServlet'
[32m2024-02-09 13:29:24.234[0;39m [INFO] org.springframework.orm.jpa.LocalContainerEntityManagerFactoryBean [RMI TCP Connection(18)-127.0.0.1] Closing JPA EntityManagerFactory for persistence unit 'default'
[32m2024-02-09 13:29:24.237[0;39m [INFO] com.zaxxer.hikari.HikariDataSource [RMI TCP Connection(18)-127.0.0.1] HikariPool-1 - Shutdown initiated...
[32m2024-02-09 13:29:24.254[0;39m [INFO] com.zaxxer.hikari.HikariDataSource [RMI TCP Connection(18)-127.0.0.1] HikariPool-1 - Shutdown completed.
[32m2024-02-09 13:29:52.721[0;39m [INFO] com.hexaware.lms.JaFsdLoanMsApplication [main] Starting JaFsdLoanMsApplication using Java 17.0.9 with PID 88992 (D:\J2EE\FSD_Training\JA-FSD-LoanMS\target\classes started by navne in D:\J2EE\FSD_Training\JA-FSD-LoanMS)
[32m2024-02-09 13:29:52.725[0;39m [INFO] com.hexaware.lms.JaFsdLoanMsApplication [main] No active profile set, falling back to 1 default profile: "default"
[32m2024-02-09 13:29:53.715[0;39m [INFO] org.springframework.data.repository.config.RepositoryConfigurationDelegate [main] Bootstrapping Spring Data JPA repositories in DEFAULT mode.
[32m2024-02-09 13:29:53.811[0;39m [INFO] org.springframework.data.repository.config.RepositoryConfigurationDelegate [main] Finished Spring Data repository scanning in 83 ms. Found 5 JPA repository interfaces.
[32m2024-02-09 13:29:54.505[0;39m [INFO] org.springframework.boot.web.embedded.tomcat.TomcatWebServer [main] Tomcat initialized with port(s): 8080 (http)
[32m2024-02-09 13:29:54.519[0;39m [INFO] org.apache.catalina.core.StandardService [main] Starting service [Tomcat]
[32m2024-02-09 13:29:54.520[0;39m [INFO] org.apache.catalina.core.StandardEngine [main] Starting Servlet engine: [Apache Tomcat/10.1.18]
[32m2024-02-09 13:29:54.668[0;39m [INFO] org.apache.catalina.core.ContainerBase.[Tomcat].[localhost].[/] [main] Initializing Spring embedded WebApplicationContext
[32m2024-02-09 13:29:54.669[0;39m [INFO] org.springframework.boot.web.servlet.context.ServletWebServerApplicationContext [main] Root WebApplicationContext: initialization completed in 1887 ms
[32m2024-02-09 13:29:54.852[0;39m [INFO] org.hibernate.jpa.internal.util.LogHelper [main] HHH000204: Processing PersistenceUnitInfo [name: default]
[32m2024-02-09 13:29:54.917[0;39m [INFO] org.hibernate.Version [main] HHH000412: Hibernate ORM core version 6.2.20.Final
[32m2024-02-09 13:29:54.920[0;39m [INFO] org.hibernate.cfg.Environment [main] HHH000406: Using bytecode reflection optimizer
[32m2024-02-09 13:29:55.242[0;39m [INFO] org.springframework.orm.jpa.persistenceunit.SpringPersistenceUnitInfo [main] No LoadTimeWeaver setup: ignoring JPA class transformer
[32m2024-02-09 13:29:55.278[0;39m [INFO] com.zaxxer.hikari.HikariDataSource [main] HikariPool-1 - Starting...
[32m2024-02-09 13:29:55.684[0;39m [INFO] com.zaxxer.hikari.pool.HikariPool [main] HikariPool-1 - Added connection com.mysql.cj.jdbc.ConnectionImpl@2328ec73
[32m2024-02-09 13:29:55.687[0;39m [INFO] com.zaxxer.hikari.HikariDataSource [main] HikariPool-1 - Start completed.
[32m2024-02-09 13:29:55.745[0;39m [WARN] org.hibernate.orm.deprecation [main] HHH90000025: MySQL8Dialect does not need to be specified explicitly using 'hibernate.dialect' (remove the property setting and it will be selected by default)
[32m2024-02-09 13:29:55.747[0;39m [WARN] org.hibernate.orm.deprecation [main] HHH90000026: MySQL8Dialect has been deprecated; use org.hibernate.dialect.MySQLDialect instead
[32m2024-02-09 13:29:56.938[0;39m [INFO] org.hibernate.engine.transaction.jta.platform.internal.JtaPlatformInitiator [main] HHH000489: No JTA platform available (set 'hibernate.transaction.jta.platform' to enable JTA platform integration)
[32m2024-02-09 13:29:57.106[0;39m [INFO] org.springframework.orm.jpa.LocalContainerEntityManagerFactoryBean [main] Initialized JPA EntityManagerFactory for persistence unit 'default'
[32m2024-02-09 13:29:57.395[0;39m [INFO] org.springframework.data.jpa.repository.query.QueryEnhancerFactory [main] Hibernate is in classpath; If applicable, HQL parser will be used.
[32m2024-02-09 13:29:58.221[0;39m [WARN] org.springframework.boot.autoconfigure.orm.jpa.JpaBaseConfiguration$JpaWebConfiguration [main] spring.jpa.open-in-view is enabled by default. Therefore, database queries may be performed during view rendering. Explicitly configure spring.jpa.open-in-view to disable this warning
[32m2024-02-09 13:29:59.333[0;39m [INFO] org.springframework.security.web.DefaultSecurityFilterChain [main] Will secure any request with [org.springframework.security.web.session.DisableEncodeUrlFilter@78002333, org.springframework.security.web.context.request.async.WebAsyncManagerIntegrationFilter@2dba6013, org.springframework.security.web.context.SecurityContextHolderFilter@39df2652, org.springframework.security.web.header.HeaderWriterFilter@31eb5ed6, org.springframework.security.web.csrf.CsrfFilter@653e79fc, org.springframework.security.web.authentication.logout.LogoutFilter@417c9b17, org.springframework.security.oauth2.client.web.OAuth2AuthorizationRequestRedirectFilter@55e8522e, org.springframework.security.oauth2.client.web.OAuth2LoginAuthenticationFilter@5c452eb5, org.springframework.security.web.authentication.UsernamePasswordAuthenticationFilter@4833bb83, org.springframework.security.web.authentication.ui.DefaultLoginPageGeneratingFilter@67599bae, org.springframework.security.web.authentication.ui.DefaultLogoutPageGeneratingFilter@69b2ed81, org.springframework.security.web.savedrequest.RequestCacheAwareFilter@5eace68f, org.springframework.security.web.servletapi.SecurityContextHolderAwareRequestFilter@118932fe, org.springframework.security.web.authentication.AnonymousAuthenticationFilter@4873d4cb, org.springframework.security.web.access.ExceptionTranslationFilter@10164e94, org.springframework.security.web.access.intercept.AuthorizationFilter@6ae247b7]
[32m2024-02-09 13:29:59.688[0;39m [INFO] org.springframework.boot.web.embedded.tomcat.TomcatWebServer [main] Tomcat started on port(s): 8080 (http) with context path ''
[32m2024-02-09 13:29:59.702[0;39m [INFO] com.hexaware.lms.JaFsdLoanMsApplication [main] Started JaFsdLoanMsApplication in 7.562 seconds (process running for 8.489)
[32m2024-02-09 13:30:04.375[0;39m [INFO] org.apache.catalina.core.ContainerBase.[Tomcat].[localhost].[/] [http-nio-8080-exec-2] Initializing Spring DispatcherServlet 'dispatcherServlet'
[32m2024-02-09 13:30:04.375[0;39m [INFO] org.springframework.web.servlet.DispatcherServlet [http-nio-8080-exec-2] Initializing Servlet 'dispatcherServlet'
[32m2024-02-09 13:30:04.377[0;39m [INFO] org.springframework.web.servlet.DispatcherServlet [http-nio-8080-exec-2] Completed initialization in 2 ms
[32m2024-02-09 13:30:11.848[0;39m [INFO] org.springdoc.api.AbstractOpenApiResource [http-nio-8080-exec-10] Init duration for springdoc-openapi is: 529 ms
[32m2024-02-09 13:30:20.897[0;39m [INFO] com.hexaware.lms.controller.AdminRestController [http-nio-8080-exec-1] Request received to view All Customers...
[32m2024-02-09 13:30:20.898[0;39m [INFO] com.hexaware.lms.service.CustomerServiceImpl [http-nio-8080-exec-1] Viewing all Customers
[32m2024-02-09 13:31:01.714[0;39m [INFO] org.springframework.boot.admin.SpringApplicationAdminMXBeanRegistrar$SpringApplicationAdmin [RMI TCP Connection(3)-127.0.0.1] Application shutdown requested.
[32m2024-02-09 13:31:01.730[0;39m [INFO] org.apache.catalina.core.StandardService [RMI TCP Connection(3)-127.0.0.1] Stopping service [Tomcat]
[32m2024-02-09 13:31:01.732[0;39m [INFO] org.apache.catalina.core.ContainerBase.[Tomcat].[localhost].[/] [RMI TCP Connection(3)-127.0.0.1] Destroying Spring FrameworkServlet 'dispatcherServlet'
[32m2024-02-09 13:31:01.742[0;39m [INFO] org.springframework.orm.jpa.LocalContainerEntityManagerFactoryBean [RMI TCP Connection(3)-127.0.0.1] Closing JPA EntityManagerFactory for persistence unit 'default'
[32m2024-02-09 13:31:01.744[0;39m [INFO] com.zaxxer.hikari.HikariDataSource [RMI TCP Connection(3)-127.0.0.1] HikariPool-1 - Shutdown initiated...
[32m2024-02-09 13:31:01.755[0;39m [INFO] com.zaxxer.hikari.HikariDataSource [RMI TCP Connection(3)-127.0.0.1] HikariPool-1 - Shutdown completed.
[32m2024-02-09 13:31:05.120[0;39m [INFO] com.hexaware.lms.JaFsdLoanMsApplication [main] Starting JaFsdLoanMsApplication using Java 17.0.9 with PID 90540 (D:\J2EE\FSD_Training\JA-FSD-LoanMS\target\classes started by navne in D:\J2EE\FSD_Training\JA-FSD-LoanMS)
[32m2024-02-09 13:31:05.123[0;39m [INFO] com.hexaware.lms.JaFsdLoanMsApplication [main] No active profile set, falling back to 1 default profile: "default"
[32m2024-02-09 13:31:06.082[0;39m [INFO] org.springframework.data.repository.config.RepositoryConfigurationDelegate [main] Bootstrapping Spring Data JPA repositories in DEFAULT mode.
[32m2024-02-09 13:31:06.175[0;39m [INFO] org.springframework.data.repository.config.RepositoryConfigurationDelegate [main] Finished Spring Data repository scanning in 83 ms. Found 5 JPA repository interfaces.
[32m2024-02-09 13:31:06.845[0;39m [INFO] org.springframework.boot.web.embedded.tomcat.TomcatWebServer [main] Tomcat initialized with port(s): 8080 (http)
[32m2024-02-09 13:31:06.856[0;39m [INFO] org.apache.catalina.core.StandardService [main] Starting service [Tomcat]
[32m2024-02-09 13:31:06.856[0;39m [INFO] org.apache.catalina.core.StandardEngine [main] Starting Servlet engine: [Apache Tomcat/10.1.18]
[32m2024-02-09 13:31:07.019[0;39m [INFO] org.apache.catalina.core.ContainerBase.[Tomcat].[localhost].[/] [main] Initializing Spring embedded WebApplicationContext
[32m2024-02-09 13:31:07.020[0;39m [INFO] org.springframework.boot.web.servlet.context.ServletWebServerApplicationContext [main] Root WebApplicationContext: initialization completed in 1840 ms
[32m2024-02-09 13:31:07.213[0;39m [INFO] org.hibernate.jpa.internal.util.LogHelper [main] HHH000204: Processing PersistenceUnitInfo [name: default]
[32m2024-02-09 13:31:07.275[0;39m [INFO] org.hibernate.Version [main] HHH000412: Hibernate ORM core version 6.2.20.Final
[32m2024-02-09 13:31:07.279[0;39m [INFO] org.hibernate.cfg.Environment [main] HHH000406: Using bytecode reflection optimizer
[32m2024-02-09 13:31:07.602[0;39m [INFO] org.springframework.orm.jpa.persistenceunit.SpringPersistenceUnitInfo [main] No LoadTimeWeaver setup: ignoring JPA class transformer
[32m2024-02-09 13:31:07.639[0;39m [INFO] com.zaxxer.hikari.HikariDataSource [main] HikariPool-1 - Starting...
[32m2024-02-09 13:31:08.059[0;39m [INFO] com.zaxxer.hikari.pool.HikariPool [main] HikariPool-1 - Added connection com.mysql.cj.jdbc.ConnectionImpl@6d31f14
[32m2024-02-09 13:31:08.063[0;39m [INFO] com.zaxxer.hikari.HikariDataSource [main] HikariPool-1 - Start completed.
[32m2024-02-09 13:31:08.128[0;39m [WARN] org.hibernate.orm.deprecation [main] HHH90000025: MySQL8Dialect does not need to be specified explicitly using 'hibernate.dialect' (remove the property setting and it will be selected by default)
[32m2024-02-09 13:31:08.129[0;39m [WARN] org.hibernate.orm.deprecation [main] HHH90000026: MySQL8Dialect has been deprecated; use org.hibernate.dialect.MySQLDialect instead
[32m2024-02-09 13:31:09.284[0;39m [INFO] org.hibernate.engine.transaction.jta.platform.internal.JtaPlatformInitiator [main] HHH000489: No JTA platform available (set 'hibernate.transaction.jta.platform' to enable JTA platform integration)
[32m2024-02-09 13:31:09.415[0;39m [INFO] org.springframework.orm.jpa.LocalContainerEntityManagerFactoryBean [main] Initialized JPA EntityManagerFactory for persistence unit 'default'
[32m2024-02-09 13:31:09.705[0;39m [INFO] org.springframework.data.jpa.repository.query.QueryEnhancerFactory [main] Hibernate is in classpath; If applicable, HQL parser will be used.
[32m2024-02-09 13:31:10.523[0;39m [WARN] org.springframework.boot.autoconfigure.orm.jpa.JpaBaseConfiguration$JpaWebConfiguration [main] spring.jpa.open-in-view is enabled by default. Therefore, database queries may be performed during view rendering. Explicitly configure spring.jpa.open-in-view to disable this warning
[32m2024-02-09 13:31:11.635[0;39m [INFO] org.springframework.security.web.DefaultSecurityFilterChain [main] Will secure any request with [org.springframework.security.web.session.DisableEncodeUrlFilter@3177190a, org.springframework.security.web.context.request.async.WebAsyncManagerIntegrationFilter@67744663, org.springframework.security.web.context.SecurityContextHolderFilter@118932fe, org.springframework.security.web.header.HeaderWriterFilter@74a29300, org.springframework.security.web.csrf.CsrfFilter@46e77fb7, org.springframework.security.web.authentication.logout.LogoutFilter@2d728a9c, org.springframework.security.oauth2.client.web.OAuth2AuthorizationRequestRedirectFilter@2dba6013, org.springframework.security.oauth2.client.web.OAuth2LoginAuthenticationFilter@69b2ed81, org.springframework.security.web.authentication.UsernamePasswordAuthenticationFilter@4873d4cb, org.springframework.security.web.authentication.ui.DefaultLoginPageGeneratingFilter@3392d69b, org.springframework.security.web.authentication.ui.DefaultLogoutPageGeneratingFilter@4d37a4d7, org.springframework.security.web.savedrequest.RequestCacheAwareFilter@3b256d50, org.springframework.security.web.servletapi.SecurityContextHolderAwareRequestFilter@770635f8, org.springframework.security.web.authentication.AnonymousAuthenticationFilter@3bca3dee, org.springframework.security.web.access.ExceptionTranslationFilter@52a9c251, org.springframework.security.web.access.intercept.AuthorizationFilter@35f79e6d]
[32m2024-02-09 13:31:12.043[0;39m [INFO] org.springframework.boot.web.embedded.tomcat.TomcatWebServer [main] Tomcat started on port(s): 8080 (http) with context path ''
[32m2024-02-09 13:31:12.058[0;39m [INFO] com.hexaware.lms.JaFsdLoanMsApplication [main] Started JaFsdLoanMsApplication in 7.49 seconds (process running for 8.407)
[32m2024-02-09 13:31:17.179[0;39m [INFO] org.apache.catalina.core.ContainerBase.[Tomcat].[localhost].[/] [http-nio-8080-exec-2] Initializing Spring DispatcherServlet 'dispatcherServlet'
[32m2024-02-09 13:31:17.179[0;39m [INFO] org.springframework.web.servlet.DispatcherServlet [http-nio-8080-exec-2] Initializing Servlet 'dispatcherServlet'
[32m2024-02-09 13:31:17.181[0;39m [INFO] org.springframework.web.servlet.DispatcherServlet [http-nio-8080-exec-2] Completed initialization in 2 ms
[32m2024-02-09 13:31:22.198[0;39m [INFO] org.springdoc.api.AbstractOpenApiResource [http-nio-8080-exec-10] Init duration for springdoc-openapi is: 517 ms
